<?xml version="1.0" encoding="UTF-8"?>
<!-- Generated by org.testng.reporters.JUnitXMLReporter -->
<testsuite hostname="lathabp-ThinkPad-L470-W10DG" ignored="0" name="suite-test-testng" tests="6" failures="2" timestamp="16 Dec 2019 09:14:39 GMT" time="233.488" errors="0">
  <testcase name="GoTOCheckMyOrder" time="15.486" classname="test.myOrderTest"/>
  <testcase name="TestvalideLogin" time="72.508" classname="test.Logintest"/>
  <testcase name="TestvalideLogin" time="32.835" classname="test.allCategoryTest"/>
  <testcase name="GoToStoreLocatorte" time="28.947" classname="test.storeLocatoreTest"/>
  <testcase name="TestvalideAddCartValue" time="46.145" classname="test.addCartTest">
    <failure type="org.openqa.selenium.NoSuchElementException" message="An element could not be located on the page using the given search parameters. (WARNING: The server did not provide any stacktrace information)
Command duration or timeout: 0 milliseconds
For documentation on this error, please visit: https://www.seleniumhq.org/exceptions/no_such_element.html
Build info: version: &amp;apos;4.0.0-alpha-1&amp;apos;, revision: &amp;apos;d1d3728cae&amp;apos;, time: &amp;apos;2019-04-24T13:42:21&amp;apos;
System info: host: &amp;apos;lathabp-ThinkPad-L470-W10DG&amp;apos;, ip: &amp;apos;127.0.1.1&amp;apos;, os.name: &amp;apos;Linux&amp;apos;, os.arch: &amp;apos;amd64&amp;apos;, os.version: &amp;apos;4.15.0-64-generic&amp;apos;, java.version: &amp;apos;1.8.0_03-Ubuntu&amp;apos;
Driver info: io.appium.java_client.android.AndroidDriver
Capabilities {appActivity: com.lulu.commerce.SplashAct..., appPackage: com.lulu.commerce, databaseEnabled: false, desired: {appActivity: com.lulu.commerce.SplashAct..., appPackage: com.lulu.commerce, deviceName: MOTO C, fullReset: false, noReset: true, platformName: android, platformVersion: 10}, deviceManufacturer: Google, deviceModel: Pixel 2, deviceName: FA7AC1A07832, deviceScreenSize: 1080x1920, deviceUDID: FA7AC1A07832, fullReset: false, javascriptEnabled: true, locationContextEnabled: false, networkConnectionEnabled: true, noReset: true, platform: LINUX, platformName: Android, platformVersion: 10, takesScreenshot: true, warnings: {}, webStorageEnabled: false}
Session ID: b138ed38-7ac0-466d-9520-fb1fb3d06ff8
*** Element info: {Using=-android uiautomator, value=new UiScrollable(new UiSelector()).scrollIntoView(new UiSelector().text(&amp;quot;HP DeskJet 2131 All-in-One Inkjet Colour Printer&amp;quot;));}">
      <![CDATA[org.openqa.selenium.NoSuchElementException: An element could not be located on the page using the given search parameters. (WARNING: The server did not provide any stacktrace information)
Command duration or timeout: 0 milliseconds
For documentation on this error, please visit: https://www.seleniumhq.org/exceptions/no_such_element.html
Build info: version: '4.0.0-alpha-1', revision: 'd1d3728cae', time: '2019-04-24T13:42:21'
System info: host: 'lathabp-ThinkPad-L470-W10DG', ip: '127.0.1.1', os.name: 'Linux', os.arch: 'amd64', os.version: '4.15.0-64-generic', java.version: '1.8.0_03-Ubuntu'
Driver info: io.appium.java_client.android.AndroidDriver
Capabilities {appActivity: com.lulu.commerce.SplashAct..., appPackage: com.lulu.commerce, databaseEnabled: false, desired: {appActivity: com.lulu.commerce.SplashAct..., appPackage: com.lulu.commerce, deviceName: MOTO C, fullReset: false, noReset: true, platformName: android, platformVersion: 10}, deviceManufacturer: Google, deviceModel: Pixel 2, deviceName: FA7AC1A07832, deviceScreenSize: 1080x1920, deviceUDID: FA7AC1A07832, fullReset: false, javascriptEnabled: true, locationContextEnabled: false, networkConnectionEnabled: true, noReset: true, platform: LINUX, platformName: Android, platformVersion: 10, takesScreenshot: true, warnings: {}, webStorageEnabled: false}
Session ID: b138ed38-7ac0-466d-9520-fb1fb3d06ff8
*** Element info: {Using=-android uiautomator, value=new UiScrollable(new UiSelector()).scrollIntoView(new UiSelector().text("HP DeskJet 2131 All-in-One Inkjet Colour Printer"));}
	at org.openqa.selenium.remote.ErrorHandler.createThrowable(ErrorHandler.java:214)
	at org.openqa.selenium.remote.ErrorHandler.throwIfResponseFailed(ErrorHandler.java:166)
	at org.openqa.selenium.remote.codec.jwp.JsonHttpResponseCodec.reconstructValue(JsonHttpResponseCodec.java:41)
	at org.openqa.selenium.remote.codec.AbstractHttpResponseCodec.decode(AbstractHttpResponseCodec.java:81)
	at org.openqa.selenium.remote.codec.AbstractHttpResponseCodec.decode(AbstractHttpResponseCodec.java:45)
	at org.openqa.selenium.remote.HttpCommandExecutor.execute(HttpCommandExecutor.java:161)
	at io.appium.java_client.remote.AppiumCommandExecutor.execute(AppiumCommandExecutor.java:239)
	at org.openqa.selenium.remote.RemoteWebDriver.execute(RemoteWebDriver.java:577)
	at org.openqa.selenium.remote.RemoteWebDriver.findElement(RemoteWebDriver.java:328)
	at io.appium.java_client.DefaultGenericMobileDriver.findElement(DefaultGenericMobileDriver.java:61)
	at io.appium.java_client.AppiumDriver.findElement(AppiumDriver.java:1)
	at io.appium.java_client.android.AndroidDriver.findElement(AndroidDriver.java:1)
	at io.appium.java_client.FindsByAndroidUIAutomator.findElementByAndroidUIAutomator(FindsByAndroidUIAutomator.java:38)
	at io.appium.java_client.MobileBy$ByAndroidUIAutomator.findElement(MobileBy.java:212)
	at org.openqa.selenium.remote.RemoteWebDriver.findElement(RemoteWebDriver.java:320)
	at io.appium.java_client.DefaultGenericMobileDriver.findElement(DefaultGenericMobileDriver.java:57)
	at io.appium.java_client.AppiumDriver.findElement(AppiumDriver.java:1)
	at io.appium.java_client.android.AndroidDriver.findElement(AndroidDriver.java:1)
	at Step.SearchoroductStep.ClickOnResult(SearchoroductStep.java:28)
	at feature.searchFeature.GotAddcatrt(searchFeature.java:18)
	at test.addCartTest.TestvalideAddCartValue(addCartTest.java:11)
... Removed 29 stack frames]]>
    </failure>
  </testcase> <!-- TestvalideAddCartValue -->
  <testcase name="TestDeliveryMapAddress" time="0.016" classname="test.locationDeliveryTest">
    <failure type="org.openqa.selenium.WebDriverException" message="An unknown server-side error occurred while processing the command. Original error: Must provide a selector when finding elements (WARNING: The server did not provide any stacktrace information)
Command duration or timeout: 0 milliseconds
Build info: version: &amp;apos;4.0.0-alpha-1&amp;apos;, revision: &amp;apos;d1d3728cae&amp;apos;, time: &amp;apos;2019-04-24T13:42:21&amp;apos;
System info: host: &amp;apos;lathabp-ThinkPad-L470-W10DG&amp;apos;, ip: &amp;apos;127.0.1.1&amp;apos;, os.name: &amp;apos;Linux&amp;apos;, os.arch: &amp;apos;amd64&amp;apos;, os.version: &amp;apos;4.15.0-64-generic&amp;apos;, java.version: &amp;apos;1.8.0_03-Ubuntu&amp;apos;
Driver info: io.appium.java_client.android.AndroidDriver
Capabilities {appActivity: com.lulu.commerce.SplashAct..., appPackage: com.lulu.commerce, databaseEnabled: false, desired: {appActivity: com.lulu.commerce.SplashAct..., appPackage: com.lulu.commerce, deviceName: MOTO C, fullReset: false, noReset: true, platformName: android, platformVersion: 10}, deviceManufacturer: Google, deviceModel: Pixel 2, deviceName: FA7AC1A07832, deviceScreenSize: 1080x1920, deviceUDID: FA7AC1A07832, fullReset: false, javascriptEnabled: true, locationContextEnabled: false, networkConnectionEnabled: true, noReset: true, platform: LINUX, platformName: Android, platformVersion: 10, takesScreenshot: true, warnings: {}, webStorageEnabled: false}
Session ID: e1a2669c-2fc6-4220-810f-77523966836e
*** Element info: {Using=xpath, value=}">
      <![CDATA[org.openqa.selenium.WebDriverException: An unknown server-side error occurred while processing the command. Original error: Must provide a selector when finding elements (WARNING: The server did not provide any stacktrace information)
Command duration or timeout: 0 milliseconds
Build info: version: '4.0.0-alpha-1', revision: 'd1d3728cae', time: '2019-04-24T13:42:21'
System info: host: 'lathabp-ThinkPad-L470-W10DG', ip: '127.0.1.1', os.name: 'Linux', os.arch: 'amd64', os.version: '4.15.0-64-generic', java.version: '1.8.0_03-Ubuntu'
Driver info: io.appium.java_client.android.AndroidDriver
Capabilities {appActivity: com.lulu.commerce.SplashAct..., appPackage: com.lulu.commerce, databaseEnabled: false, desired: {appActivity: com.lulu.commerce.SplashAct..., appPackage: com.lulu.commerce, deviceName: MOTO C, fullReset: false, noReset: true, platformName: android, platformVersion: 10}, deviceManufacturer: Google, deviceModel: Pixel 2, deviceName: FA7AC1A07832, deviceScreenSize: 1080x1920, deviceUDID: FA7AC1A07832, fullReset: false, javascriptEnabled: true, locationContextEnabled: false, networkConnectionEnabled: true, noReset: true, platform: LINUX, platformName: Android, platformVersion: 10, takesScreenshot: true, warnings: {}, webStorageEnabled: false}
Session ID: e1a2669c-2fc6-4220-810f-77523966836e
*** Element info: {Using=xpath, value=}
	at org.openqa.selenium.remote.ErrorHandler.createThrowable(ErrorHandler.java:214)
	at org.openqa.selenium.remote.ErrorHandler.throwIfResponseFailed(ErrorHandler.java:166)
	at org.openqa.selenium.remote.codec.jwp.JsonHttpResponseCodec.reconstructValue(JsonHttpResponseCodec.java:41)
	at org.openqa.selenium.remote.codec.AbstractHttpResponseCodec.decode(AbstractHttpResponseCodec.java:81)
	at org.openqa.selenium.remote.codec.AbstractHttpResponseCodec.decode(AbstractHttpResponseCodec.java:45)
	at org.openqa.selenium.remote.HttpCommandExecutor.execute(HttpCommandExecutor.java:161)
	at io.appium.java_client.remote.AppiumCommandExecutor.execute(AppiumCommandExecutor.java:239)
	at org.openqa.selenium.remote.RemoteWebDriver.execute(RemoteWebDriver.java:577)
	at org.openqa.selenium.remote.RemoteWebDriver.findElement(RemoteWebDriver.java:328)
	at io.appium.java_client.DefaultGenericMobileDriver.findElement(DefaultGenericMobileDriver.java:61)
	at io.appium.java_client.AppiumDriver.findElement(AppiumDriver.java:1)
	at io.appium.java_client.android.AndroidDriver.findElement(AndroidDriver.java:1)
	at org.openqa.selenium.remote.RemoteWebDriver.findElementByXPath(RemoteWebDriver.java:446)
	at io.appium.java_client.DefaultGenericMobileDriver.findElementByXPath(DefaultGenericMobileDriver.java:151)
	at io.appium.java_client.AppiumDriver.findElementByXPath(AppiumDriver.java:1)
	at io.appium.java_client.android.AndroidDriver.findElementByXPath(AndroidDriver.java:1)
	at org.openqa.selenium.By$ByXPath.findElement(By.java:353)
	at org.openqa.selenium.remote.RemoteWebDriver.findElement(RemoteWebDriver.java:320)
	at io.appium.java_client.DefaultGenericMobileDriver.findElement(DefaultGenericMobileDriver.java:57)
	at io.appium.java_client.AppiumDriver.findElement(AppiumDriver.java:1)
	at io.appium.java_client.android.AndroidDriver.findElement(AndroidDriver.java:1)
	at AndroidSetup.AndroidSetup.click(AndroidSetup.java:71)
	at Step.locationDeliveryStep.ClickOnHomeMapButton(locationDeliveryStep.java:11)
	at feature.locationDeliveryFeature.GoToDeliveryMap(locationDeliveryFeature.java:9)
	at test.locationDeliveryTest.TestDeliveryMapAddress(locationDeliveryTest.java:11)
... Removed 29 stack frames]]>
    </failure>
  </testcase> <!-- TestDeliveryMapAddress -->
</testsuite> <!-- suite-test-testng -->
